<?xml version="1.0" encoding="UTF-8"?>
<!-- Generated by org.testng.reporters.JUnitReportReporter -->
<testsuite hostname="DESKTOP-U0KUBHH" failures="0" tests="1" name="javaTest.LoginTestClass" time="77.267" errors="0" timestamp="2022-06-30T16:20:47 IST" skipped="0">
  <testcase classname="javaTest.LoginTestClass" name="Login" time="77.267"/>
  <system-out/>
</testsuite> <!-- javaTest.LoginTestClass -->
